<?xml version="1.0" encoding="UTF-8"?>
<coverage generated="1491761039653" clover="3.2.0">
  <project timestamp="1491761039653" name="All files">
    <metrics statements="23" coveredstatements="11" conditionals="9" coveredconditionals="3" methods="9" coveredmethods="3" elements="41" coveredelements="17" complexity="0" loc="23" ncloc="23" packages="1" files="2" classes="2">
      <file name="actions.js" path="/Users/kunalmandalia/Documents/Github Repositories/next-boilerplate/redux/actions.js">
        <metrics statements="10" coveredstatements="3" conditionals="0" coveredconditionals="0" methods="7" coveredmethods="1"/>
        <line num="3" count="2" type="stmt"/>
        <line num="5" count="2" type="stmt"/>
        <line num="8" count="0" type="stmt"/>
        <line num="9" count="0" type="stmt"/>
        <line num="10" count="0" type="stmt"/>
        <line num="12" count="0" type="stmt"/>
        <line num="13" count="0" type="stmt"/>
        <line num="16" count="0" type="stmt"/>
        <line num="17" count="0" type="stmt"/>
        <line num="22" count="2" type="stmt"/>
      </file>
      <file name="reducer.js" path="/Users/kunalmandalia/Documents/Github Repositories/next-boilerplate/redux/reducer.js">
        <metrics statements="13" coveredstatements="8" conditionals="9" coveredconditionals="3" methods="2" coveredmethods="2"/>
        <line num="1" count="1" type="stmt"/>
        <line num="11" count="1" type="cond" truecount="0" falsecount="1"/>
        <line num="12" count="2" type="cond" truecount="1" falsecount="0"/>
        <line num="13" count="2" type="cond" truecount="2" falsecount="5"/>
        <line num="15" count="0" type="stmt"/>
        <line num="17" count="0" type="stmt"/>
        <line num="19" count="0" type="stmt"/>
        <line num="21" count="0" type="stmt"/>
        <line num="23" count="0" type="stmt"/>
        <line num="25" count="1" type="stmt"/>
        <line num="26" count="1" type="stmt"/>
        <line num="27" count="1" type="stmt"/>
        <line num="29" count="1" type="stmt"/>
      </file>
    </metrics>
  </project>
</coverage>
