{"/Users/kunalmandalia/Documents/Github Repositories/next-boilerplate/redux/actions.js": {"path":"/Users/kunalmandalia/Documents/Github Repositories/next-boilerplate/redux/actions.js","statementMap":{"0":{"start":{"line":3,"column":28},"end":{"line":3,"column":74}},"1":{"start":{"line":3,"column":40},"end":{"line":3,"column":73}},"2":{"start":{"line":5,"column":30},"end":{"line":5,"column":83}},"3":{"start":{"line":5,"column":41},"end":{"line":5,"column":82}},"4":{"start":{"line":8,"column":2},"end":{"line":19,"column":3}},"5":{"start":{"line":9,"column":4},"end":{"line":9,"column":34}},"6":{"start":{"line":10,"column":4},"end":{"line":18,"column":6}},"7":{"start":{"line":12,"column":6},"end":{"line":12,"column":27}},"8":{"start":{"line":13,"column":6},"end":{"line":13,"column":48}},"9":{"start":{"line":16,"column":6},"end":{"line":16,"column":24}},"10":{"start":{"line":17,"column":6},"end":{"line":17,"column":35}},"11":{"start":{"line":22,"column":27},"end":{"line":22,"column":60}},"12":{"start":{"line":22,"column":34},"end":{"line":22,"column":59}}},"fnMap":{"0":{"name":"(anonymous_0)","decl":{"start":{"line":3,"column":28},"end":{"line":3,"column":29}},"loc":{"start":{"line":3,"column":40},"end":{"line":3,"column":73}},"line":3},"1":{"name":"(anonymous_1)","decl":{"start":{"line":5,"column":30},"end":{"line":5,"column":31}},"loc":{"start":{"line":5,"column":41},"end":{"line":5,"column":82}},"line":5},"2":{"name":"getBeer","decl":{"start":{"line":7,"column":16},"end":{"line":7,"column":23}},"loc":{"start":{"line":7,"column":27},"end":{"line":20,"column":1}},"line":7},"3":{"name":"(anonymous_3)","decl":{"start":{"line":8,"column":9},"end":{"line":8,"column":10}},"loc":{"start":{"line":8,"column":23},"end":{"line":19,"column":3}},"line":8},"4":{"name":"(anonymous_4)","decl":{"start":{"line":11,"column":10},"end":{"line":11,"column":11}},"loc":{"start":{"line":11,"column":24},"end":{"line":14,"column":5}},"line":11},"5":{"name":"(anonymous_5)","decl":{"start":{"line":15,"column":11},"end":{"line":15,"column":12}},"loc":{"start":{"line":15,"column":22},"end":{"line":18,"column":5}},"line":15},"6":{"name":"(anonymous_6)","decl":{"start":{"line":22,"column":27},"end":{"line":22,"column":28}},"loc":{"start":{"line":22,"column":34},"end":{"line":22,"column":59}},"line":22}},"branchMap":{},"s":{"0":2,"1":0,"2":2,"3":0,"4":0,"5":0,"6":0,"7":0,"8":0,"9":0,"10":0,"11":2,"12":2},"f":{"0":0,"1":0,"2":0,"3":0,"4":0,"5":0,"6":2},"b":{},"_coverageSchema":"332fd63041d2c1bcb487cc26dd0d5f7d97098a6c","hash":"436ee08c849022200f3522908f26074999739a43"}
,"/Users/kunalmandalia/Documents/Github Repositories/next-boilerplate/redux/reducer.js": {"path":"/Users/kunalmandalia/Documents/Github Repositories/next-boilerplate/redux/reducer.js","statementMap":{"0":{"start":{"line":1,"column":21},"end":{"line":9,"column":1}},"1":{"start":{"line":11,"column":16},"end":{"line":31,"column":1}},"2":{"start":{"line":12,"column":12},"end":{"line":12,"column":55}},"3":{"start":{"line":12,"column":31},"end":{"line":12,"column":54}},"4":{"start":{"line":13,"column":2},"end":{"line":30,"column":3}},"5":{"start":{"line":15,"column":6},"end":{"line":15,"column":62}},"6":{"start":{"line":17,"column":6},"end":{"line":17,"column":37}},"7":{"start":{"line":19,"column":6},"end":{"line":19,"column":28}},"8":{"start":{"line":21,"column":6},"end":{"line":21,"column":67}},"9":{"start":{"line":23,"column":6},"end":{"line":23,"column":29}},"10":{"start":{"line":25,"column":18},"end":{"line":25,"column":36}},"11":{"start":{"line":26,"column":19},"end":{"line":26,"column":55}},"12":{"start":{"line":27,"column":6},"end":{"line":27,"column":24}},"13":{"start":{"line":29,"column":6},"end":{"line":29,"column":18}}},"fnMap":{"0":{"name":"(anonymous_0)","decl":{"start":{"line":11,"column":16},"end":{"line":11,"column":17}},"loc":{"start":{"line":11,"column":50},"end":{"line":31,"column":1}},"line":11},"1":{"name":"(anonymous_1)","decl":{"start":{"line":12,"column":12},"end":{"line":12,"column":13}},"loc":{"start":{"line":12,"column":31},"end":{"line":12,"column":54}},"line":12}},"branchMap":{"0":{"loc":{"start":{"line":11,"column":17},"end":{"line":11,"column":37}},"type":"default-arg","locations":[{"start":{"line":11,"column":25},"end":{"line":11,"column":37}}],"line":11},"1":{"loc":{"start":{"line":12,"column":16},"end":{"line":12,"column":25}},"type":"default-arg","locations":[{"start":{"line":12,"column":20},"end":{"line":12,"column":25}}],"line":12},"2":{"loc":{"start":{"line":13,"column":2},"end":{"line":30,"column":3}},"type":"switch","locations":[{"start":{"line":14,"column":4},"end":{"line":15,"column":62}},{"start":{"line":16,"column":4},"end":{"line":17,"column":37}},{"start":{"line":18,"column":4},"end":{"line":19,"column":28}},{"start":{"line":20,"column":4},"end":{"line":21,"column":67}},{"start":{"line":22,"column":4},"end":{"line":23,"column":29}},{"start":{"line":24,"column":4},"end":{"line":27,"column":24}},{"start":{"line":28,"column":4},"end":{"line":29,"column":18}}],"line":13}},"s":{"0":1,"1":1,"2":2,"3":1,"4":2,"5":0,"6":0,"7":0,"8":0,"9":0,"10":1,"11":1,"12":1,"13":1},"f":{"0":2,"1":1},"b":{"0":[0],"1":[1],"2":[0,0,0,0,0,1,1]},"_coverageSchema":"332fd63041d2c1bcb487cc26dd0d5f7d97098a6c","hash":"8b7ca3d90354330ceb6b9e303875b318421d5ded"}
}
