TN:
SF:/Users/kunalmandalia/Documents/Github Repositories/next-boilerplate/redux/actions.js
FN:3,(anonymous_0)
FN:5,(anonymous_1)
FN:7,getBeer
FN:8,(anonymous_3)
FN:11,(anonymous_4)
FN:15,(anonymous_5)
FN:22,(anonymous_6)
FNF:7
FNH:1
FNDA:0,(anonymous_0)
FNDA:0,(anonymous_1)
FNDA:0,getBeer
FNDA:0,(anonymous_3)
FNDA:0,(anonymous_4)
FNDA:0,(anonymous_5)
FNDA:2,(anonymous_6)
DA:3,2
DA:5,2
DA:8,0
DA:9,0
DA:10,0
DA:12,0
DA:13,0
DA:16,0
DA:17,0
DA:22,2
LF:10
LH:3
BRF:0
BRH:0
end_of_record
TN:
SF:/Users/kunalmandalia/Documents/Github Repositories/next-boilerplate/redux/reducer.js
FN:11,(anonymous_0)
FN:12,(anonymous_1)
FNF:2
FNH:2
FNDA:2,(anonymous_0)
FNDA:1,(anonymous_1)
DA:1,1
DA:11,1
DA:12,2
DA:13,2
DA:15,0
DA:17,0
DA:19,0
DA:21,0
DA:23,0
DA:25,1
DA:26,1
DA:27,1
DA:29,1
LF:13
LH:8
BRDA:11,0,0,0
BRDA:12,1,0,1
BRDA:13,2,0,0
BRDA:13,2,1,0
BRDA:13,2,2,0
BRDA:13,2,3,0
BRDA:13,2,4,0
BRDA:13,2,5,1
BRDA:13,2,6,1
BRF:9
BRH:3
end_of_record
